[debug] [2021-09-14T11:09:08.073Z] ----------------------------------------------------------------------
[debug] [2021-09-14T11:09:08.075Z] Command:       /usr/local/bin/node /usr/local/bin/firebase emulators:start --import ./functions
[debug] [2021-09-14T11:09:08.075Z] CLI Version:   9.18.0
[debug] [2021-09-14T11:09:08.075Z] Platform:      darwin
[debug] [2021-09-14T11:09:08.075Z] Node Version:  v15.8.0
[debug] [2021-09-14T11:09:08.079Z] Time:          Tue Sep 14 2021 20:09:08 GMT+0900 (대한민국 표준시)
[debug] [2021-09-14T11:09:08.079Z] ----------------------------------------------------------------------
[debug] 
[debug] [2021-09-14T11:09:08.129Z] Object "" in "firebase.json" has unknown property: {"additionalProperty":"react-native"}
[debug] [2021-09-14T11:09:08.133Z] > command requires scopes: ["email","openid","https://www.googleapis.com/auth/cloudplatformprojects.readonly","https://www.googleapis.com/auth/firebase","https://www.googleapis.com/auth/cloud-platform"]
[debug] [2021-09-14T11:09:08.133Z] > authorizing via signed-in user (jjjh1983@gmail.com)
[info] i  emulators: Starting emulators: auth, functions, firestore, pubsub {"metadata":{"emulator":{"name":"hub"},"message":"Starting emulators: auth, functions, firestore, pubsub"}}
[debug] [2021-09-14T11:09:08.154Z] [hub] writing locator at /var/folders/cd/h3wgw67d50zbycd9ztrp1g600000gn/T/hub-djsl-9198c.json
[info] i  firestore: Detected non-emulator Firestore export at /Users/jjh/Documents/ReactNative/chatApp_/functions/functions {"metadata":{"emulator":{"name":"firestore"},"message":"Detected non-emulator Firestore export at /Users/jjh/Documents/ReactNative/chatApp_/functions/functions"}}
[warn] ⚠  functions: The following emulators are not running, calls to these services from the Functions emulator will affect production: database, hosting, storage {"metadata":{"emulator":{"name":"functions"},"message":"The following emulators are not running, calls to these services from the Functions emulator will affect production: \u001b[1mdatabase, hosting, storage\u001b[22m"}}
[warn] ⚠  Your requested "node" version "14" doesn't match your global version "15" {"metadata":{"emulator":{"name":"functions"},"message":"Your requested \"node\" version \"14\" doesn't match your global version \"15\""}}
[debug] [2021-09-14T11:09:08.196Z] defaultcredentials: writing to file /Users/jjh/.config/firebase/jjjh1983_gmail_com_application_default_credentials.json
[debug] [2021-09-14T11:09:08.199Z] Setting GAC to /Users/jjh/.config/firebase/jjjh1983_gmail_com_application_default_credentials.json {"metadata":{"emulator":{"name":"functions"},"message":"Setting GAC to /Users/jjh/.config/firebase/jjjh1983_gmail_com_application_default_credentials.json"}}
[debug] [2021-09-14T11:09:08.201Z] >>> [apiv2][query] GET https://firebase.googleapis.com/v1beta1/projects/djsl-9198c/adminSdkConfig [none]
[debug] [2021-09-14T11:09:09.140Z] <<< [apiv2][status] GET https://firebase.googleapis.com/v1beta1/projects/djsl-9198c/adminSdkConfig 200
[debug] [2021-09-14T11:09:09.140Z] <<< [apiv2][body] GET https://firebase.googleapis.com/v1beta1/projects/djsl-9198c/adminSdkConfig {"projectId":"djsl-9198c","databaseURL":"https://djsl-9198c.firebaseio.com","storageBucket":"djsl-9198c.appspot.com","locationId":"asia-east2"}
[info] i  firestore: Importing data from /Users/jjh/Documents/ReactNative/chatApp_/functions/functions/functions.overall_export_metadata {"metadata":{"emulator":{"name":"firestore"},"message":"Importing data from /Users/jjh/Documents/ReactNative/chatApp_/functions/functions/functions.overall_export_metadata"}}
[debug] [2021-09-14T11:09:09.443Z] Ignoring unsupported arg: projectId {"metadata":{"emulator":{"name":"firestore"},"message":"Ignoring unsupported arg: projectId"}}
[debug] [2021-09-14T11:09:09.443Z] Ignoring unsupported arg: auto_download {"metadata":{"emulator":{"name":"firestore"},"message":"Ignoring unsupported arg: auto_download"}}
[debug] [2021-09-14T11:09:09.443Z] Starting Firestore Emulator with command {"binary":"java","args":["-Dgoogle.cloud_firestore.debug_log_level=FINE","-Duser.language=en","-jar","/Users/jjh/.cache/firebase/emulators/cloud-firestore-emulator-v1.13.1.jar","--host","localhost","--port",5002,"--seed_from_export","/Users/jjh/Documents/ReactNative/chatApp_/functions/functions/functions.overall_export_metadata","--rules","/Users/jjh/Documents/ReactNative/chatApp_/firestore.rules","--functions_emulator","localhost:5001"],"optionalArgs":["port","webchannel_port","host","rules","functions_emulator","seed_from_export"],"joinArgs":false} {"metadata":{"emulator":{"name":"firestore"},"message":"Starting Firestore Emulator with command {\"binary\":\"java\",\"args\":[\"-Dgoogle.cloud_firestore.debug_log_level=FINE\",\"-Duser.language=en\",\"-jar\",\"/Users/jjh/.cache/firebase/emulators/cloud-firestore-emulator-v1.13.1.jar\",\"--host\",\"localhost\",\"--port\",5002,\"--seed_from_export\",\"/Users/jjh/Documents/ReactNative/chatApp_/functions/functions/functions.overall_export_metadata\",\"--rules\",\"/Users/jjh/Documents/ReactNative/chatApp_/firestore.rules\",\"--functions_emulator\",\"localhost:5001\"],\"optionalArgs\":[\"port\",\"webchannel_port\",\"host\",\"rules\",\"functions_emulator\",\"seed_from_export\"],\"joinArgs\":false}"}}
[info] i  firestore: Firestore Emulator logging to firestore-debug.log {"metadata":{"emulator":{"name":"firestore"},"message":"Firestore Emulator logging to \u001b[1mfirestore-debug.log\u001b[22m"}}
[debug] [2021-09-14T11:09:11.034Z] Sep 14, 2021 8:09:11 PM com.google.cloud.datastore.emulator.firestore.websocket.WebSocketServer start
INFO: Started WebSocket server on ws://localhost:52045
 {"metadata":{"emulator":{"name":"firestore"},"message":"Sep 14, 2021 8:09:11 PM com.google.cloud.datastore.emulator.firestore.websocket.WebSocketServer start\nINFO: Started WebSocket server on ws://localhost:52045\n"}}
[debug] [2021-09-14T11:09:11.056Z] API endpoint: http:// {"metadata":{"emulator":{"name":"firestore"},"message":"API endpoint: http://"}}
[debug] [2021-09-14T11:09:11.056Z] localhost:5002
If you are using a library that supports the FIRESTORE_EMULATOR_HOST environment variable, run:

   export FIRESTORE_EMULATOR_HOST=localhost:5002

Dev App Server is now running.

 {"metadata":{"emulator":{"name":"firestore"},"message":"localhost:5002\nIf you are using a library that supports the FIRESTORE_EMULATOR_HOST environment variable, run:\n\n   export FIRESTORE_EMULATOR_HOST=localhost:5002\n\nDev App Server is now running.\n\n"}}
[debug] [2021-09-14T11:09:13.739Z] Sep 14, 2021 8:09:12 PM io.gapi.emulators.netty.HttpVersionRoutingHandler channelRead
INFO: Detected non-HTTP/2 connection.
Sep 14, 2021 8:09:13 PM io.gapi.emulators.netty.HttpVersionRoutingHandler channelRead
INFO: Detected HTTP/2 connection.
 {"metadata":{"emulator":{"name":"firestore"},"message":"Sep 14, 2021 8:09:12 PM io.gapi.emulators.netty.HttpVersionRoutingHandler channelRead\nINFO: Detected non-HTTP/2 connection.\nSep 14, 2021 8:09:13 PM io.gapi.emulators.netty.HttpVersionRoutingHandler channelRead\nINFO: Detected HTTP/2 connection.\n"}}
[debug] [2021-09-14T11:09:14.000Z] Ignoring unsupported arg: projectId {"metadata":{"emulator":{"name":"pubsub"},"message":"Ignoring unsupported arg: projectId"}}
[debug] [2021-09-14T11:09:14.001Z] Ignoring unsupported arg: auto_download {"metadata":{"emulator":{"name":"pubsub"},"message":"Ignoring unsupported arg: auto_download"}}
[debug] [2021-09-14T11:09:14.001Z] Starting Pub/Sub Emulator with command {"binary":"/Users/jjh/.cache/firebase/emulators/pubsub-emulator-0.1.0/pubsub-emulator/bin/cloud-pubsub-emulator","args":["--host=localhost","--port=5004"],"optionalArgs":["port","host"],"joinArgs":true} {"metadata":{"emulator":{"name":"pubsub"},"message":"Starting Pub/Sub Emulator with command {\"binary\":\"/Users/jjh/.cache/firebase/emulators/pubsub-emulator-0.1.0/pubsub-emulator/bin/cloud-pubsub-emulator\",\"args\":[\"--host=localhost\",\"--port=5004\"],\"optionalArgs\":[\"port\",\"host\"],\"joinArgs\":true}"}}
[info] i  pubsub: Pub/Sub Emulator logging to pubsub-debug.log {"metadata":{"emulator":{"name":"pubsub"},"message":"Pub/Sub Emulator logging to \u001b[1mpubsub-debug.log\u001b[22m"}}
[debug] [2021-09-14T11:09:14.266Z] This is the Google Pub/Sub fake.
Implementation may be incomplete or differ from the real system.
 {"metadata":{"emulator":{"name":"pubsub"},"message":"This is the Google Pub/Sub fake.\nImplementation may be incomplete or differ from the real system.\n"}}
[debug] [2021-09-14T11:09:14.343Z] 9월 14, 2021 8:09:14 오후 com.google.cloud.pubsub.testing.v1.Main main
정보: IAM integration is disabled. IAM policy methods and ACL checks are not supported
 {"metadata":{"emulator":{"name":"pubsub"},"message":"9월 14, 2021 8:09:14 오후 com.google.cloud.pubsub.testing.v1.Main main\n정보: IAM integration is disabled. IAM policy methods and ACL checks are not supported\n"}}
[debug] [2021-09-14T11:09:14.922Z] 9월 14, 2021 8:09:14 오후 io.gapi.emulators.netty.NettyUtil applyJava7LongHostnameWorkaround
정보: Unable to apply Java 7 long hostname workaround.
 {"metadata":{"emulator":{"name":"pubsub"},"message":"9월 14, 2021 8:09:14 오후 io.gapi.emulators.netty.NettyUtil applyJava7LongHostnameWorkaround\n정보: Unable to apply Java 7 long hostname workaround.\n"}}
[debug] [2021-09-14T11:09:15.053Z] 9월 14, 2021 8:09:15 오후 com.google.cloud.pubsub.testing.v1.Main main
정보: Server started, listening on 5004
 {"metadata":{"emulator":{"name":"pubsub"},"message":"9월 14, 2021 8:09:15 오후 com.google.cloud.pubsub.testing.v1.Main main\n정보: Server started, listening on 5004\n"}}
[debug] [2021-09-14T11:09:15.291Z] Ignoring unsupported arg: auto_download {"metadata":{"emulator":{"name":"ui"},"message":"Ignoring unsupported arg: auto_download"}}
[debug] [2021-09-14T11:09:15.291Z] Ignoring unsupported arg: port {"metadata":{"emulator":{"name":"ui"},"message":"Ignoring unsupported arg: port"}}
[debug] [2021-09-14T11:09:15.291Z] Starting Emulator UI with command {"binary":"node","args":["/Users/jjh/.cache/firebase/emulators/ui-v1.6.3/server.bundle.js"],"optionalArgs":[],"joinArgs":false} {"metadata":{"emulator":{"name":"ui"},"message":"Starting Emulator UI with command {\"binary\":\"node\",\"args\":[\"/Users/jjh/.cache/firebase/emulators/ui-v1.6.3/server.bundle.js\"],\"optionalArgs\":[],\"joinArgs\":false}"}}
[info] i  ui: Emulator UI logging to ui-debug.log {"metadata":{"emulator":{"name":"ui"},"message":"Emulator UI logging to \u001b[1mui-debug.log\u001b[22m"}}
[debug] [2021-09-14T11:09:15.395Z] Web / API server started at localhost:4000
 {"metadata":{"emulator":{"name":"ui"},"message":"Web / API server started at localhost:4000\n"}}
[debug] [2021-09-14T11:09:15.408Z] 9월 14, 2021 8:09:15 오후 io.gapi.emulators.grpc.GrpcServer$3 operationComplete
정보: Adding handler(s) to newly registered Channel.
 {"metadata":{"emulator":{"name":"pubsub"},"message":"9월 14, 2021 8:09:15 오후 io.gapi.emulators.grpc.GrpcServer$3 operationComplete\n정보: Adding handler(s) to newly registered Channel.\n"}}
[info] i  functions: Watching "/Users/jjh/Documents/ReactNative/chatApp_/functions" for Cloud Functions... {"metadata":{"emulator":{"name":"functions"},"message":"Watching \"/Users/jjh/Documents/ReactNative/chatApp_/functions\" for Cloud Functions..."}}
[debug] [2021-09-14T11:09:15.563Z] [worker-pool] addWorker(~diagnostic~) {"metadata":{"emulator":{"name":"functions"},"message":"[worker-pool] addWorker(~diagnostic~)"}}
[debug] [2021-09-14T11:09:15.563Z] [worker-pool] Adding worker with key ~diagnostic~, total=1 {"metadata":{"emulator":{"name":"functions"},"message":"[worker-pool] Adding worker with key ~diagnostic~, total=1"}}
[debug] [2021-09-14T11:09:15.563Z] [worker-pool] submitWork(triggerId=) {"metadata":{"emulator":{"name":"functions"},"message":"[worker-pool] submitWork(triggerId=)"}}
[debug] [2021-09-14T11:09:15.564Z] [worker-~diagnostic~-0bc474fe-72a6-4a23-bd7f-dffaea5902e3]: Assigning socketPath: /var/folders/cd/h3wgw67d50zbycd9ztrp1g600000gn/T/fire_emu_43189.sock {"metadata":{"emulator":{"name":"functions"},"message":"[worker-~diagnostic~-0bc474fe-72a6-4a23-bd7f-dffaea5902e3]: Assigning socketPath: /var/folders/cd/h3wgw67d50zbycd9ztrp1g600000gn/T/fire_emu_43189.sock"}}
[debug] [2021-09-14T11:09:15.564Z] [worker-~diagnostic~-0bc474fe-72a6-4a23-bd7f-dffaea5902e3]: BUSY {"metadata":{"emulator":{"name":"functions"},"message":"[worker-~diagnostic~-0bc474fe-72a6-4a23-bd7f-dffaea5902e3]: BUSY"}}
[debug] [2021-09-14T11:09:15.981Z] [runtime-status] [43189] Functions runtime initialized. {"cwd":"/Users/jjh/Documents/ReactNative/chatApp_/functions","node_version":"15.8.0"} {"metadata":{"emulator":{"name":"functions"},"message":"[runtime-status] [43189] Functions runtime initialized. {\"cwd\":\"/Users/jjh/Documents/ReactNative/chatApp_/functions\",\"node_version\":\"15.8.0\"}"}}
[debug] [2021-09-14T11:09:15.982Z] [runtime-status] [43189] Disabled runtime features: undefined {"metadata":{"emulator":{"name":"functions"},"message":"[runtime-status] [43189] Disabled runtime features: undefined"}}
[debug] [2021-09-14T11:09:15.986Z] [runtime-status] [43189] Resolved module firebase-admin {"declared":true,"installed":true,"version":"9.11.0","resolution":"/Users/jjh/Documents/ReactNative/chatApp_/functions/node_modules/firebase-admin/lib/index.js"} {"metadata":{"emulator":{"name":"functions"},"message":"[runtime-status] [43189] Resolved module firebase-admin {\"declared\":true,\"installed\":true,\"version\":\"9.11.0\",\"resolution\":\"/Users/jjh/Documents/ReactNative/chatApp_/functions/node_modules/firebase-admin/lib/index.js\"}"}}
[debug] [2021-09-14T11:09:15.990Z] [runtime-status] [43189] Resolved module firebase-functions {"declared":true,"installed":true,"version":"3.15.5","resolution":"/Users/jjh/Documents/ReactNative/chatApp_/functions/node_modules/firebase-functions/lib/index.js"} {"metadata":{"emulator":{"name":"functions"},"message":"[runtime-status] [43189] Resolved module firebase-functions {\"declared\":true,\"installed\":true,\"version\":\"3.15.5\",\"resolution\":\"/Users/jjh/Documents/ReactNative/chatApp_/functions/node_modules/firebase-functions/lib/index.js\"}"}}
[debug] [2021-09-14T11:09:15.994Z] [runtime-status] [43189] Resolved module firebase-functions {"declared":true,"installed":true,"version":"3.15.5","resolution":"/Users/jjh/Documents/ReactNative/chatApp_/functions/node_modules/firebase-functions/lib/index.js"} {"metadata":{"emulator":{"name":"functions"},"message":"[runtime-status] [43189] Resolved module firebase-functions {\"declared\":true,\"installed\":true,\"version\":\"3.15.5\",\"resolution\":\"/Users/jjh/Documents/ReactNative/chatApp_/functions/node_modules/firebase-functions/lib/index.js\"}"}}
[debug] [2021-09-14T11:09:15.994Z] [runtime-status] [43189] Set PUBSUB_EMULATOR_HOST to localhost:5004 {"metadata":{"emulator":{"name":"functions"},"message":"[runtime-status] [43189] Set PUBSUB_EMULATOR_HOST to localhost:5004"}}
[debug] [2021-09-14T11:09:15.997Z] [runtime-status] [43189] Outgoing network have been stubbed. [{"name":"http","status":"mocked"},{"name":"http","status":"mocked"},{"name":"https","status":"mocked"},{"name":"https","status":"mocked"},{"name":"net","status":"mocked"}] {"metadata":{"emulator":{"name":"functions"},"message":"[runtime-status] [43189] Outgoing network have been stubbed. [{\"name\":\"http\",\"status\":\"mocked\"},{\"name\":\"http\",\"status\":\"mocked\"},{\"name\":\"https\",\"status\":\"mocked\"},{\"name\":\"https\",\"status\":\"mocked\"},{\"name\":\"net\",\"status\":\"mocked\"}]"}}
[debug] [2021-09-14T11:09:15.997Z] [runtime-status] [43189] Resolved module firebase-functions {"declared":true,"installed":true,"version":"3.15.5","resolution":"/Users/jjh/Documents/ReactNative/chatApp_/functions/node_modules/firebase-functions/lib/index.js"} {"metadata":{"emulator":{"name":"functions"},"message":"[runtime-status] [43189] Resolved module firebase-functions {\"declared\":true,\"installed\":true,\"version\":\"3.15.5\",\"resolution\":\"/Users/jjh/Documents/ReactNative/chatApp_/functions/node_modules/firebase-functions/lib/index.js\"}"}}
[debug] [2021-09-14T11:09:16.057Z] [runtime-status] [43189] Checked functions.config() {"config":{}} {"metadata":{"emulator":{"name":"functions"},"message":"[runtime-status] [43189] Checked functions.config() {\"config\":{}}"}}
[debug] [2021-09-14T11:09:16.057Z] [runtime-status] [43189] firebase-functions has been stubbed. {"functionsResolution":{"declared":true,"installed":true,"version":"3.15.5","resolution":"/Users/jjh/Documents/ReactNative/chatApp_/functions/node_modules/firebase-functions/lib/index.js"}} {"metadata":{"emulator":{"name":"functions"},"message":"[runtime-status] [43189] firebase-functions has been stubbed. {\"functionsResolution\":{\"declared\":true,\"installed\":true,\"version\":\"3.15.5\",\"resolution\":\"/Users/jjh/Documents/ReactNative/chatApp_/functions/node_modules/firebase-functions/lib/index.js\"}}"}}
[debug] [2021-09-14T11:09:16.058Z] [runtime-status] [43189] Resolved module firebase-functions {"declared":true,"installed":true,"version":"3.15.5","resolution":"/Users/jjh/Documents/ReactNative/chatApp_/functions/node_modules/firebase-functions/lib/index.js"} {"metadata":{"emulator":{"name":"functions"},"message":"[runtime-status] [43189] Resolved module firebase-functions {\"declared\":true,\"installed\":true,\"version\":\"3.15.5\",\"resolution\":\"/Users/jjh/Documents/ReactNative/chatApp_/functions/node_modules/firebase-functions/lib/index.js\"}"}}
[debug] [2021-09-14T11:09:16.058Z] [runtime-status] [43189] Resolved module firebase-admin {"declared":true,"installed":true,"version":"9.11.0","resolution":"/Users/jjh/Documents/ReactNative/chatApp_/functions/node_modules/firebase-admin/lib/index.js"} {"metadata":{"emulator":{"name":"functions"},"message":"[runtime-status] [43189] Resolved module firebase-admin {\"declared\":true,\"installed\":true,\"version\":\"9.11.0\",\"resolution\":\"/Users/jjh/Documents/ReactNative/chatApp_/functions/node_modules/firebase-admin/lib/index.js\"}"}}
[debug] [2021-09-14T11:09:16.059Z] [runtime-status] [43189] Resolved module firebase-functions {"declared":true,"installed":true,"version":"3.15.5","resolution":"/Users/jjh/Documents/ReactNative/chatApp_/functions/node_modules/firebase-functions/lib/index.js"} {"metadata":{"emulator":{"name":"functions"},"message":"[runtime-status] [43189] Resolved module firebase-functions {\"declared\":true,\"installed\":true,\"version\":\"3.15.5\",\"resolution\":\"/Users/jjh/Documents/ReactNative/chatApp_/functions/node_modules/firebase-functions/lib/index.js\"}"}}
[debug] [2021-09-14T11:09:16.059Z] [runtime-status] [43189] firebase-admin has been stubbed. {"adminResolution":{"declared":true,"installed":true,"version":"9.11.0","resolution":"/Users/jjh/Documents/ReactNative/chatApp_/functions/node_modules/firebase-admin/lib/index.js"}} {"metadata":{"emulator":{"name":"functions"},"message":"[runtime-status] [43189] firebase-admin has been stubbed. {\"adminResolution\":{\"declared\":true,\"installed\":true,\"version\":\"9.11.0\",\"resolution\":\"/Users/jjh/Documents/ReactNative/chatApp_/functions/node_modules/firebase-admin/lib/index.js\"}}"}}
[debug] [2021-09-14T11:09:16.433Z] Sep 14, 2021 8:09:16 PM io.gapi.emulators.netty.HttpVersionRoutingHandler channelRead
INFO: Detected non-HTTP/2 connection.
 {"metadata":{"emulator":{"name":"firestore"},"message":"Sep 14, 2021 8:09:16 PM io.gapi.emulators.netty.HttpVersionRoutingHandler channelRead\nINFO: Detected non-HTTP/2 connection.\n"}}
[debug] [2021-09-14T11:09:16.481Z] Sep 14, 2021 8:09:16 PM io.gapi.emulators.netty.HttpVersionRoutingHandler channelRead
INFO: Detected non-HTTP/2 connection.
 {"metadata":{"emulator":{"name":"firestore"},"message":"Sep 14, 2021 8:09:16 PM io.gapi.emulators.netty.HttpVersionRoutingHandler channelRead\nINFO: Detected non-HTTP/2 connection.\n"}}
[debug] [2021-09-14T11:09:16.619Z] Sep 14, 2021 8:09:16 PM com.google.cloud.datastore.emulator.firestore.websocket.WebSocketChannelHandler initChannel
INFO: Connected to new websocket client
 {"metadata":{"emulator":{"name":"firestore"},"message":"Sep 14, 2021 8:09:16 PM com.google.cloud.datastore.emulator.firestore.websocket.WebSocketChannelHandler initChannel\nINFO: Connected to new websocket client\n"}}
[debug] [2021-09-14T11:09:17.579Z] [runtime-status] [43189] initializeApp(DEFAULT) {"credential":{"implicit":false,"projectId":"djsl-9198c","privateKey":"-----BEGIN PRIVATE KEY-----\nMIIEvAIBADANBgkqhkiG9w0BAQEFAASCBKYwggSiAgEAAoIBAQCWe4gNJcbYum0J\nl82kgDL6HqvWEGk1J+pU4737UQT5pE474vmtieVxJnIL9JHUe6FGzPfbpZMzisp/\ni+Wf+dWrA1S9rjB99+UJKiZLI0VcmI1GE5/d/esxqFIEfBWr+fNbeZv3uk7mVx28\n9RoUo3WW73rryGj5N7j0acqNJACb088usfjhxkMS73szN80ZXxdJjExrbaTUsnpd\nYRpXBaIzzrZBaLPPbSWqQZxxxBb2ffDsv2M9gdDt3NA3uIF4+froLoEuURMGybBT\nhSPmA0vVnCbc3K/OVJ8PoKa0QYkwPcosgVYW84oq1IWlpMKCcYcWrvoxb7Zi7/v2\nr9KTPKkpAgMBAAECggEAB6q1jM3u6p3c7k8wp//sGPg1Ewv1AENPWhHcXRCMq1dm\nsQBobiIHcZNe3iMQxv2hguTwf91YuZiJpqPvCA6Hh1X9HEjiqZhWr/fYyZ07bHNN\nR1O6omnMcNQ9kYLs670pW/C/NIjmei/YEQd/06tcU1tSLO8iAgiHwNQfAL/j1AyL\njSlaijOI2Tpt6LA3ZrjgiA+Qalkv5irsuvROlzFRVm2n3f4I7oY2W/LKzsxq9kwK\nNyeKLS+3eipxy6ErAQGanLu/QBjb2Htd8FUDToRRjIJDKpvbk7KEJKTD/uDF3aSM\n36K8B5ATFiyY+H4GJ+ytvY/fAIDJvJTQbsUYD5OHnQKBgQDNpcKZq6rcdPy8qzqe\nhulpMK8Kw0X020qpsunbcAlPKQx2jdtqfWuVT3UG7SivJUOelM5KzAN7iRSt/xSB\n4nyTU79gsN9kiM7TfSCsseyhsYj2wENuAsLJ2sP3uQi+LcWAeFDO4RDsU++WjtCE\nFjmtzaLJ13u+Ox76PEoyq59wvwKBgQC7U/atrbS8gVRB7xmel1hfcFZIBvL/EfQN\nPoMWdYWFvXntO1dkuacGpMYV+JdIonWMSnd41o1i+STA6/lIfMJIgLPS/SrX3ht9\n3ejm3txQX70JQASoLu0onF+Cdq2A/dZ5r1AQqAnSVs2xIhmUhtXQX4qmjBxuvDTn\n/74dSPB4FwKBgAo0U3e0oQHXfEMQbBQ5tZNWqxjpn6sKxqWtDxWodY3MB6ZKW7zp\nBFGgY7o4QnCOdNCFqcbkYLfckX4gzi+zwWK+IRz3Kd6fO0QbTWfEXG2ZlaZI3A+1\na10A0gCU2e417zr0vW3GlURk1dqus4IaaDpLnexOGQHThTH9k+D3yy2ZAoGATOX3\n0m4HToaspvBXDQJF1c/Qq3qmz8x36ePqfhK6QB966Ma+ZmvLw+9qHWTR/ZArPu7m\nwmUY3zM1QjjcOUR1oLuslgU1TC4yDOZGkFeWCyxx9lUgVEYHNu+SSYUcTmJlY8hy\nzpOcjIrzny5HX/BF32cJDLthhJegBEi4q17gz/sCgYBi+6bznWT1STOeiNywm2VG\nQb515eSBMGGwWAbpjRWtUbYvlMKLVoiefbZQ/RPECA8O9Otv6LcIh5I6ndG1RA1G\n70oT9q7ZCPg/pjq5BfJ3rveLk+LpZ+RUHG63P06MAthRg0lNVz1ihEHIqTv/QS7e\nUMsz+c8ENPRMPSi6guzifA==\n-----END PRIVATE KEY-----\n","clientEmail":"firebase-adminsdk-2cj0l@djsl-9198c.iam.gserviceaccount.com","httpClient":{"retry":{"maxRetries":4,"statusCodes":[503],"ioErrorCodes":["ECONNRESET","ETIMEDOUT"],"backOffFactor":0.5,"maxDelayInMillis":60000}}},"databaseURL":"https://djsl-9198c.firebaseio.com"} {"metadata":{"emulator":{"name":"functions"},"message":"[runtime-status] [43189] initializeApp(DEFAULT) {\"credential\":{\"implicit\":false,\"projectId\":\"djsl-9198c\",\"privateKey\":\"-----BEGIN PRIVATE KEY-----\\nMIIEvAIBADANBgkqhkiG9w0BAQEFAASCBKYwggSiAgEAAoIBAQCWe4gNJcbYum0J\\nl82kgDL6HqvWEGk1J+pU4737UQT5pE474vmtieVxJnIL9JHUe6FGzPfbpZMzisp/\\ni+Wf+dWrA1S9rjB99+UJKiZLI0VcmI1GE5/d/esxqFIEfBWr+fNbeZv3uk7mVx28\\n9RoUo3WW73rryGj5N7j0acqNJACb088usfjhxkMS73szN80ZXxdJjExrbaTUsnpd\\nYRpXBaIzzrZBaLPPbSWqQZxxxBb2ffDsv2M9gdDt3NA3uIF4+froLoEuURMGybBT\\nhSPmA0vVnCbc3K/OVJ8PoKa0QYkwPcosgVYW84oq1IWlpMKCcYcWrvoxb7Zi7/v2\\nr9KTPKkpAgMBAAECggEAB6q1jM3u6p3c7k8wp//sGPg1Ewv1AENPWhHcXRCMq1dm\\nsQBobiIHcZNe3iMQxv2hguTwf91YuZiJpqPvCA6Hh1X9HEjiqZhWr/fYyZ07bHNN\\nR1O6omnMcNQ9kYLs670pW/C/NIjmei/YEQd/06tcU1tSLO8iAgiHwNQfAL/j1AyL\\njSlaijOI2Tpt6LA3ZrjgiA+Qalkv5irsuvROlzFRVm2n3f4I7oY2W/LKzsxq9kwK\\nNyeKLS+3eipxy6ErAQGanLu/QBjb2Htd8FUDToRRjIJDKpvbk7KEJKTD/uDF3aSM\\n36K8B5ATFiyY+H4GJ+ytvY/fAIDJvJTQbsUYD5OHnQKBgQDNpcKZq6rcdPy8qzqe\\nhulpMK8Kw0X020qpsunbcAlPKQx2jdtqfWuVT3UG7SivJUOelM5KzAN7iRSt/xSB\\n4nyTU79gsN9kiM7TfSCsseyhsYj2wENuAsLJ2sP3uQi+LcWAeFDO4RDsU++WjtCE\\nFjmtzaLJ13u+Ox76PEoyq59wvwKBgQC7U/atrbS8gVRB7xmel1hfcFZIBvL/EfQN\\nPoMWdYWFvXntO1dkuacGpMYV+JdIonWMSnd41o1i+STA6/lIfMJIgLPS/SrX3ht9\\n3ejm3txQX70JQASoLu0onF+Cdq2A/dZ5r1AQqAnSVs2xIhmUhtXQX4qmjBxuvDTn\\n/74dSPB4FwKBgAo0U3e0oQHXfEMQbBQ5tZNWqxjpn6sKxqWtDxWodY3MB6ZKW7zp\\nBFGgY7o4QnCOdNCFqcbkYLfckX4gzi+zwWK+IRz3Kd6fO0QbTWfEXG2ZlaZI3A+1\\na10A0gCU2e417zr0vW3GlURk1dqus4IaaDpLnexOGQHThTH9k+D3yy2ZAoGATOX3\\n0m4HToaspvBXDQJF1c/Qq3qmz8x36ePqfhK6QB966Ma+ZmvLw+9qHWTR/ZArPu7m\\nwmUY3zM1QjjcOUR1oLuslgU1TC4yDOZGkFeWCyxx9lUgVEYHNu+SSYUcTmJlY8hy\\nzpOcjIrzny5HX/BF32cJDLthhJegBEi4q17gz/sCgYBi+6bznWT1STOeiNywm2VG\\nQb515eSBMGGwWAbpjRWtUbYvlMKLVoiefbZQ/RPECA8O9Otv6LcIh5I6ndG1RA1G\\n70oT9q7ZCPg/pjq5BfJ3rveLk+LpZ+RUHG63P06MAthRg0lNVz1ihEHIqTv/QS7e\\nUMsz+c8ENPRMPSi6guzifA==\\n-----END PRIVATE KEY-----\\n\",\"clientEmail\":\"firebase-adminsdk-2cj0l@djsl-9198c.iam.gserviceaccount.com\",\"httpClient\":{\"retry\":{\"maxRetries\":4,\"statusCodes\":[503],\"ioErrorCodes\":[\"ECONNRESET\",\"ETIMEDOUT\"],\"backOffFactor\":0.5,\"maxDelayInMillis\":60000}}},\"databaseURL\":\"https://djsl-9198c.firebaseio.com\"}"}}
[info] >  admin initialized {"user":"admin initialized","metadata":{"emulator":{"name":"functions"},"message":"\u001b[90m> \u001b[39m admin initialized"}}
[debug] [2021-09-14T11:09:17.787Z] Sep 14, 2021 8:09:17 PM io.gapi.emulators.netty.HttpVersionRoutingHandler channelRead
INFO: Detected non-HTTP/2 connection.
 {"metadata":{"emulator":{"name":"firestore"},"message":"Sep 14, 2021 8:09:17 PM io.gapi.emulators.netty.HttpVersionRoutingHandler channelRead\nINFO: Detected non-HTTP/2 connection.\n"}}
[info] ✔  functions[us-central1-addMessage]: http function initialized (http://localhost:5001/djsl-9198c/us-central1/addMessage). {"metadata":{"emulator":{"name":"functions"},"message":"\u001b[1mhttp\u001b[22m function initialized (http://localhost:5001/djsl-9198c/us-central1/addMessage)."}}
[info] ✔  functions[us-central1-listProducts]: http function initialized (http://localhost:5001/djsl-9198c/us-central1/listProducts). {"metadata":{"emulator":{"name":"functions"},"message":"\u001b[1mhttp\u001b[22m function initialized (http://localhost:5001/djsl-9198c/us-central1/listProducts)."}}
[info] ✔  functions[us-central1-ListProducts]: http function initialized (http://localhost:5001/djsl-9198c/us-central1/ListProducts). {"metadata":{"emulator":{"name":"functions"},"message":"\u001b[1mhttp\u001b[22m function initialized (http://localhost:5001/djsl-9198c/us-central1/ListProducts)."}}
[debug] [2021-09-14T11:09:18.042Z] addFirestoreTrigger "{\"eventTrigger\":{\"resource\":\"projects/djsl-9198c/databases/(default)/documents/rooms/{documentId}/MESSAGES/{documentId}\",\"eventType\":\"providers/cloud.firestore/eventTypes/document.update\",\"service\":\"firestore.googleapis.com\"}}"
[debug] [2021-09-14T11:09:18.043Z] >>> HTTP REQUEST PUT http://localhost:5002/emulator/v1/projects/djsl-9198c/triggers/us-central1-MessageNotify-0  
 {"eventTrigger":{"resource":"projects/djsl-9198c/databases/(default)/documents/rooms/{documentId}/MESSAGES/{documentId}","eventType":"providers/cloud.firestore/eventTypes/document.update","service":"firestore.googleapis.com"}}
[debug] [2021-09-14T11:09:18.045Z] [worker-~diagnostic~-0bc474fe-72a6-4a23-bd7f-dffaea5902e3]: IDLE {"metadata":{"emulator":{"name":"functions"},"message":"[worker-~diagnostic~-0bc474fe-72a6-4a23-bd7f-dffaea5902e3]: IDLE"}}
[debug] [2021-09-14T11:09:18.064Z] Sep 14, 2021 8:09:18 PM io.gapi.emulators.netty.HttpVersionRoutingHandler channelRead
INFO: Detected non-HTTP/2 connection.
 {"metadata":{"emulator":{"name":"firestore"},"message":"Sep 14, 2021 8:09:18 PM io.gapi.emulators.netty.HttpVersionRoutingHandler channelRead\nINFO: Detected non-HTTP/2 connection.\n"}}
[debug] [2021-09-14T11:09:18.087Z] <<< HTTP RESPONSE 200 {"content-type":"application/json","content-length":"4"}
[info] ✔  functions[us-central1-MessageNotify]: firestore function initialized. {"metadata":{"emulator":{"name":"functions"},"message":"\u001b[1mfirestore\u001b[22m function initialized."}}
[debug] [2021-09-14T11:09:18.089Z] addFirestoreTrigger "{\"eventTrigger\":{\"resource\":\"projects/djsl-9198c/databases/(default)/documents/teamProfile/{teamId}/teamMemberList/{newUserId}\",\"eventType\":\"providers/cloud.firestore/eventTypes/document.update\",\"service\":\"firestore.googleapis.com\"}}"
[debug] [2021-09-14T11:09:18.089Z] >>> HTTP REQUEST PUT http://localhost:5002/emulator/v1/projects/djsl-9198c/triggers/us-central1-createTeamMember-0  
 {"eventTrigger":{"resource":"projects/djsl-9198c/databases/(default)/documents/teamProfile/{teamId}/teamMemberList/{newUserId}","eventType":"providers/cloud.firestore/eventTypes/document.update","service":"firestore.googleapis.com"}}
[debug] [2021-09-14T11:09:18.112Z] Sep 14, 2021 8:09:18 PM io.gapi.emulators.netty.HttpVersionRoutingHandler channelRead
INFO: Detected non-HTTP/2 connection.
 {"metadata":{"emulator":{"name":"firestore"},"message":"Sep 14, 2021 8:09:18 PM io.gapi.emulators.netty.HttpVersionRoutingHandler channelRead\nINFO: Detected non-HTTP/2 connection.\n"}}
[debug] [2021-09-14T11:09:18.123Z] <<< HTTP RESPONSE 200 {"content-type":"application/json","content-length":"4"}
[info] ✔  functions[us-central1-createTeamMember]: firestore function initialized. {"metadata":{"emulator":{"name":"functions"},"message":"\u001b[1mfirestore\u001b[22m function initialized."}}
[debug] [2021-09-14T11:09:18.125Z] addFirestoreTrigger "{\"eventTrigger\":{\"resource\":\"projects/djsl-9198c/databases/(default)/documents/emulatorTest/{docId}\",\"eventType\":\"providers/cloud.firestore/eventTypes/document.write\",\"service\":\"firestore.googleapis.com\"}}"
[debug] [2021-09-14T11:09:18.125Z] >>> HTTP REQUEST PUT http://localhost:5002/emulator/v1/projects/djsl-9198c/triggers/us-central1-onWriteData-0  
 {"eventTrigger":{"resource":"projects/djsl-9198c/databases/(default)/documents/emulatorTest/{docId}","eventType":"providers/cloud.firestore/eventTypes/document.write","service":"firestore.googleapis.com"}}
[debug] [2021-09-14T11:09:18.152Z] Sep 14, 2021 8:09:18 PM io.gapi.emulators.netty.HttpVersionRoutingHandler channelRead
INFO: Detected non-HTTP/2 connection.
 {"metadata":{"emulator":{"name":"firestore"},"message":"Sep 14, 2021 8:09:18 PM io.gapi.emulators.netty.HttpVersionRoutingHandler channelRead\nINFO: Detected non-HTTP/2 connection.\n"}}
[debug] [2021-09-14T11:09:18.161Z] <<< HTTP RESPONSE 200 {"content-type":"application/json","content-length":"4"}
[info] ✔  functions[us-central1-onWriteData]: firestore function initialized. {"metadata":{"emulator":{"name":"functions"},"message":"\u001b[1mfirestore\u001b[22m function initialized."}}
[info] 
┌─────────────────────────────────────────────────────────────┐
│ ✔  All emulators ready! It is now safe to connect your app. │
│ i  View Emulator UI at http://localhost:4000                │
└─────────────────────────────────────────────────────────────┘

┌────────────────┬────────────────┬─────────────────────────────────┐
│ Emulator       │ Host:Port      │ View in Emulator UI             │
├────────────────┼────────────────┼─────────────────────────────────┤
│ Authentication │ localhost:5003 │ http://localhost:4000/auth      │
├────────────────┼────────────────┼─────────────────────────────────┤
│ Functions      │ localhost:5001 │ http://localhost:4000/functions │
├────────────────┼────────────────┼─────────────────────────────────┤
│ Firestore      │ localhost:5002 │ http://localhost:4000/firestore │
├────────────────┼────────────────┼─────────────────────────────────┤
│ Pub/Sub        │ localhost:5004 │ n/a                             │
└────────────────┴────────────────┴─────────────────────────────────┘
  Emulator Hub running at localhost:4400
  Other reserved ports: 4500

Issues? Report them at https://github.com/firebase/firebase-tools/issues and attach the *-debug.log files.
 
[debug] [2021-09-14T11:09:18.234Z] Sep 14, 2021 8:09:18 PM io.gapi.emulators.netty.HttpVersionRoutingHandler channelRead
INFO: Detected non-HTTP/2 connection.
 {"metadata":{"emulator":{"name":"firestore"},"message":"Sep 14, 2021 8:09:18 PM io.gapi.emulators.netty.HttpVersionRoutingHandler channelRead\nINFO: Detected non-HTTP/2 connection.\n"}}
[debug] [2021-09-14T11:09:18.444Z] Sep 14, 2021 8:09:18 PM io.gapi.emulators.netty.HttpVersionRoutingHandler channelRead
INFO: Detected HTTP/2 connection.
 {"metadata":{"emulator":{"name":"firestore"},"message":"Sep 14, 2021 8:09:18 PM io.gapi.emulators.netty.HttpVersionRoutingHandler channelRead\nINFO: Detected HTTP/2 connection.\n"}}
[info] >  DocumentSnapshot { {"user":"DocumentSnapshot {","metadata":{"emulator":{"name":"functions"},"message":"\u001b[90m> \u001b[39m DocumentSnapshot {"}}
[info] >    _fieldsProto: undefined, {"user":"  _fieldsProto: undefined,","metadata":{"emulator":{"name":"functions"},"message":"\u001b[90m> \u001b[39m   _fieldsProto: undefined,"}}
[info] >    _ref: DocumentReference { {"user":"  _ref: DocumentReference {","metadata":{"emulator":{"name":"functions"},"message":"\u001b[90m> \u001b[39m   _ref: DocumentReference {"}}
[info] >      _firestore: Firestore { {"user":"    _firestore: Firestore {","metadata":{"emulator":{"name":"functions"},"message":"\u001b[90m> \u001b[39m     _firestore: Firestore {"}}
[info] >        _settings: [Object], {"user":"      _settings: [Object],","metadata":{"emulator":{"name":"functions"},"message":"\u001b[90m> \u001b[39m       _settings: [Object],"}}
[info] >        _settingsFrozen: true, {"user":"      _settingsFrozen: true,","metadata":{"emulator":{"name":"functions"},"message":"\u001b[90m> \u001b[39m       _settingsFrozen: true,"}}
[info] >        _serializer: [Serializer], {"user":"      _serializer: [Serializer],","metadata":{"emulator":{"name":"functions"},"message":"\u001b[90m> \u001b[39m       _serializer: [Serializer],"}}
[info] >        _projectId: 'djsl-9198c', {"user":"      _projectId: 'djsl-9198c',","metadata":{"emulator":{"name":"functions"},"message":"\u001b[90m> \u001b[39m       _projectId: 'djsl-9198c',"}}
[info] >        registeredListenersCount: 1, {"user":"      registeredListenersCount: 1,","metadata":{"emulator":{"name":"functions"},"message":"\u001b[90m> \u001b[39m       registeredListenersCount: 1,"}}
[info] >        bulkWritersCount: 0, {"user":"      bulkWritersCount: 0,","metadata":{"emulator":{"name":"functions"},"message":"\u001b[90m> \u001b[39m       bulkWritersCount: 0,"}}
[info] >        _backoffSettings: [Object], {"user":"      _backoffSettings: [Object],","metadata":{"emulator":{"name":"functions"},"message":"\u001b[90m> \u001b[39m       _backoffSettings: [Object],"}}
[info] >        _clientPool: [ClientPool] {"user":"      _clientPool: [ClientPool]","metadata":{"emulator":{"name":"functions"},"message":"\u001b[90m> \u001b[39m       _clientPool: [ClientPool]"}}
[info] >      }, {"user":"    },","metadata":{"emulator":{"name":"functions"},"message":"\u001b[90m> \u001b[39m     },"}}
[info] >      _path: ResourcePath { segments: [Array] }, {"user":"    _path: ResourcePath { segments: [Array] },","metadata":{"emulator":{"name":"functions"},"message":"\u001b[90m> \u001b[39m     _path: ResourcePath { segments: [Array] },"}}
[info] >      _converter: { {"user":"    _converter: {","metadata":{"emulator":{"name":"functions"},"message":"\u001b[90m> \u001b[39m     _converter: {"}}
[info] >        toFirestore: [Function: toFirestore], {"user":"      toFirestore: [Function: toFirestore],","metadata":{"emulator":{"name":"functions"},"message":"\u001b[90m> \u001b[39m       toFirestore: [Function: toFirestore],"}}
[info] >        fromFirestore: [Function: fromFirestore] {"user":"      fromFirestore: [Function: fromFirestore]","metadata":{"emulator":{"name":"functions"},"message":"\u001b[90m> \u001b[39m       fromFirestore: [Function: fromFirestore]"}}
[info] >      } {"user":"    }","metadata":{"emulator":{"name":"functions"},"message":"\u001b[90m> \u001b[39m     }"}}
[info] >    }, {"user":"  },","metadata":{"emulator":{"name":"functions"},"message":"\u001b[90m> \u001b[39m   },"}}
[info] >    _serializer: Serializer { {"user":"  _serializer: Serializer {","metadata":{"emulator":{"name":"functions"},"message":"\u001b[90m> \u001b[39m   _serializer: Serializer {"}}
[info] >      createReference: [Function (anonymous)], {"user":"    createReference: [Function (anonymous)],","metadata":{"emulator":{"name":"functions"},"message":"\u001b[90m> \u001b[39m     createReference: [Function (anonymous)],"}}
[info] >      createInteger: [Function (anonymous)], {"user":"    createInteger: [Function (anonymous)],","metadata":{"emulator":{"name":"functions"},"message":"\u001b[90m> \u001b[39m     createInteger: [Function (anonymous)],"}}
[info] >      allowUndefined: false {"user":"    allowUndefined: false","metadata":{"emulator":{"name":"functions"},"message":"\u001b[90m> \u001b[39m     allowUndefined: false"}}
[info] >    }, {"user":"  },","metadata":{"emulator":{"name":"functions"},"message":"\u001b[90m> \u001b[39m   },"}}
[info] >    _readTime: Timestamp { _seconds: 1631617758, _nanoseconds: 464066000 }, {"user":"  _readTime: Timestamp { _seconds: 1631617758, _nanoseconds: 464066000 },","metadata":{"emulator":{"name":"functions"},"message":"\u001b[90m> \u001b[39m   _readTime: Timestamp { _seconds: 1631617758, _nanoseconds: 464066000 },"}}
[info] >    _createTime: undefined, {"user":"  _createTime: undefined,","metadata":{"emulator":{"name":"functions"},"message":"\u001b[90m> \u001b[39m   _createTime: undefined,"}}
[info] >    _updateTime: undefined {"user":"  _updateTime: undefined","metadata":{"emulator":{"name":"functions"},"message":"\u001b[90m> \u001b[39m   _updateTime: undefined"}}
[info] >  } {"user":"}","metadata":{"emulator":{"name":"functions"},"message":"\u001b[90m> \u001b[39m }"}}
[debug] [2021-09-14T11:09:19.399Z] Sep 14, 2021 8:09:19 PM io.gapi.emulators.netty.HttpVersionRoutingHandler channelRead
INFO: Detected non-HTTP/2 connection.
 {"metadata":{"emulator":{"name":"firestore"},"message":"Sep 14, 2021 8:09:19 PM io.gapi.emulators.netty.HttpVersionRoutingHandler channelRead\nINFO: Detected non-HTTP/2 connection.\n"}}
[debug] [2021-09-14T11:09:20.393Z] Sep 14, 2021 8:09:20 PM io.gapi.emulators.netty.HttpVersionRoutingHandler channelRead
INFO: Detected non-HTTP/2 connection.
 {"metadata":{"emulator":{"name":"firestore"},"message":"Sep 14, 2021 8:09:20 PM io.gapi.emulators.netty.HttpVersionRoutingHandler channelRead\nINFO: Detected non-HTTP/2 connection.\n"}}
[debug] [2021-09-14T11:09:22.933Z] Sep 14, 2021 8:09:22 PM io.gapi.emulators.netty.HttpVersionRoutingHandler channelRead
INFO: Detected non-HTTP/2 connection.
 {"metadata":{"emulator":{"name":"firestore"},"message":"Sep 14, 2021 8:09:22 PM io.gapi.emulators.netty.HttpVersionRoutingHandler channelRead\nINFO: Detected non-HTTP/2 connection.\n"}}
[debug] [2021-09-14T11:09:25.477Z] Sep 14, 2021 8:09:25 PM io.gapi.emulators.netty.HttpVersionRoutingHandler channelRead
INFO: Detected non-HTTP/2 connection.
 {"metadata":{"emulator":{"name":"firestore"},"message":"Sep 14, 2021 8:09:25 PM io.gapi.emulators.netty.HttpVersionRoutingHandler channelRead\nINFO: Detected non-HTTP/2 connection.\n"}}
[debug] [2021-09-14T11:09:27.994Z] Sep 14, 2021 8:09:27 PM io.gapi.emulators.netty.HttpVersionRoutingHandler channelRead
INFO: Detected non-HTTP/2 connection.
 {"metadata":{"emulator":{"name":"firestore"},"message":"Sep 14, 2021 8:09:27 PM io.gapi.emulators.netty.HttpVersionRoutingHandler channelRead\nINFO: Detected non-HTTP/2 connection.\n"}}
[debug] [2021-09-14T11:09:30.525Z] Sep 14, 2021 8:09:30 PM io.gapi.emulators.netty.HttpVersionRoutingHandler channelRead
INFO: Detected non-HTTP/2 connection.
 {"metadata":{"emulator":{"name":"firestore"},"message":"Sep 14, 2021 8:09:30 PM io.gapi.emulators.netty.HttpVersionRoutingHandler channelRead\nINFO: Detected non-HTTP/2 connection.\n"}}
[debug] [2021-09-14T11:09:33.261Z] Sep 14, 2021 8:09:33 PM io.gapi.emulators.netty.HttpVersionRoutingHandler channelRead
INFO: Detected non-HTTP/2 connection.
 {"metadata":{"emulator":{"name":"firestore"},"message":"Sep 14, 2021 8:09:33 PM io.gapi.emulators.netty.HttpVersionRoutingHandler channelRead\nINFO: Detected non-HTTP/2 connection.\n"}}
[debug] [2021-09-14T11:09:35.738Z] Sep 14, 2021 8:09:35 PM io.gapi.emulators.netty.HttpVersionRoutingHandler channelRead
INFO: Detected non-HTTP/2 connection.
 {"metadata":{"emulator":{"name":"firestore"},"message":"Sep 14, 2021 8:09:35 PM io.gapi.emulators.netty.HttpVersionRoutingHandler channelRead\nINFO: Detected non-HTTP/2 connection.\n"}}
[debug] [2021-09-14T11:09:38.214Z] Sep 14, 2021 8:09:38 PM io.gapi.emulators.netty.HttpVersionRoutingHandler channelRead
INFO: Detected non-HTTP/2 connection.
 {"metadata":{"emulator":{"name":"firestore"},"message":"Sep 14, 2021 8:09:38 PM io.gapi.emulators.netty.HttpVersionRoutingHandler channelRead\nINFO: Detected non-HTTP/2 connection.\n"}}
[debug] [2021-09-14T11:09:40.821Z] Sep 14, 2021 8:09:40 PM io.gapi.emulators.netty.HttpVersionRoutingHandler channelRead
INFO: Detected non-HTTP/2 connection.
 {"metadata":{"emulator":{"name":"firestore"},"message":"Sep 14, 2021 8:09:40 PM io.gapi.emulators.netty.HttpVersionRoutingHandler channelRead\nINFO: Detected non-HTTP/2 connection.\n"}}
[debug] [2021-09-14T11:09:43.955Z] Sep 14, 2021 8:09:43 PM io.gapi.emulators.netty.HttpVersionRoutingHandler channelRead
INFO: Detected non-HTTP/2 connection.
 {"metadata":{"emulator":{"name":"firestore"},"message":"Sep 14, 2021 8:09:43 PM io.gapi.emulators.netty.HttpVersionRoutingHandler channelRead\nINFO: Detected non-HTTP/2 connection.\n"}}
[debug] [2021-09-14T11:09:46.470Z] Sep 14, 2021 8:09:46 PM io.gapi.emulators.netty.HttpVersionRoutingHandler channelRead
INFO: Detected non-HTTP/2 connection.
 {"metadata":{"emulator":{"name":"firestore"},"message":"Sep 14, 2021 8:09:46 PM io.gapi.emulators.netty.HttpVersionRoutingHandler channelRead\nINFO: Detected non-HTTP/2 connection.\n"}}
[debug] [2021-09-14T11:09:48.974Z] Sep 14, 2021 8:09:48 PM io.gapi.emulators.netty.HttpVersionRoutingHandler channelRead
INFO: Detected non-HTTP/2 connection.
 {"metadata":{"emulator":{"name":"firestore"},"message":"Sep 14, 2021 8:09:48 PM io.gapi.emulators.netty.HttpVersionRoutingHandler channelRead\nINFO: Detected non-HTTP/2 connection.\n"}}
[debug] [2021-09-14T11:09:51.532Z] Sep 14, 2021 8:09:51 PM io.gapi.emulators.netty.HttpVersionRoutingHandler channelRead
INFO: Detected non-HTTP/2 connection.
 {"metadata":{"emulator":{"name":"firestore"},"message":"Sep 14, 2021 8:09:51 PM io.gapi.emulators.netty.HttpVersionRoutingHandler channelRead\nINFO: Detected non-HTTP/2 connection.\n"}}
[debug] [2021-09-14T11:09:53.987Z] Sep 14, 2021 8:09:53 PM io.gapi.emulators.netty.HttpVersionRoutingHandler channelRead
INFO: Detected non-HTTP/2 connection.
 {"metadata":{"emulator":{"name":"firestore"},"message":"Sep 14, 2021 8:09:53 PM io.gapi.emulators.netty.HttpVersionRoutingHandler channelRead\nINFO: Detected non-HTTP/2 connection.\n"}}
[debug] [2021-09-14T11:09:56.436Z] Sep 14, 2021 8:09:56 PM io.gapi.emulators.netty.HttpVersionRoutingHandler channelRead
INFO: Detected non-HTTP/2 connection.
 {"metadata":{"emulator":{"name":"firestore"},"message":"Sep 14, 2021 8:09:56 PM io.gapi.emulators.netty.HttpVersionRoutingHandler channelRead\nINFO: Detected non-HTTP/2 connection.\n"}}
[debug] [2021-09-14T11:09:58.927Z] Sep 14, 2021 8:09:58 PM io.gapi.emulators.netty.HttpVersionRoutingHandler channelRead
INFO: Detected non-HTTP/2 connection.
 {"metadata":{"emulator":{"name":"firestore"},"message":"Sep 14, 2021 8:09:58 PM io.gapi.emulators.netty.HttpVersionRoutingHandler channelRead\nINFO: Detected non-HTTP/2 connection.\n"}}
[debug] [2021-09-14T11:10:01.430Z] Sep 14, 2021 8:10:01 PM io.gapi.emulators.netty.HttpVersionRoutingHandler channelRead
INFO: Detected non-HTTP/2 connection.
 {"metadata":{"emulator":{"name":"firestore"},"message":"Sep 14, 2021 8:10:01 PM io.gapi.emulators.netty.HttpVersionRoutingHandler channelRead\nINFO: Detected non-HTTP/2 connection.\n"}}
[debug] [2021-09-14T11:10:04.029Z] Sep 14, 2021 8:10:04 PM io.gapi.emulators.netty.HttpVersionRoutingHandler channelRead
INFO: Detected non-HTTP/2 connection.
 {"metadata":{"emulator":{"name":"firestore"},"message":"Sep 14, 2021 8:10:04 PM io.gapi.emulators.netty.HttpVersionRoutingHandler channelRead\nINFO: Detected non-HTTP/2 connection.\n"}}
[debug] [2021-09-14T11:10:06.470Z] Sep 14, 2021 8:10:06 PM io.gapi.emulators.netty.HttpVersionRoutingHandler channelRead
INFO: Detected non-HTTP/2 connection.
 {"metadata":{"emulator":{"name":"firestore"},"message":"Sep 14, 2021 8:10:06 PM io.gapi.emulators.netty.HttpVersionRoutingHandler channelRead\nINFO: Detected non-HTTP/2 connection.\n"}}
[debug] [2021-09-14T11:10:08.913Z] Sep 14, 2021 8:10:08 PM io.gapi.emulators.netty.HttpVersionRoutingHandler channelRead
INFO: Detected non-HTTP/2 connection.
 {"metadata":{"emulator":{"name":"firestore"},"message":"Sep 14, 2021 8:10:08 PM io.gapi.emulators.netty.HttpVersionRoutingHandler channelRead\nINFO: Detected non-HTTP/2 connection.\n"}}
[debug] [2021-09-14T11:10:11.461Z] Sep 14, 2021 8:10:11 PM io.gapi.emulators.netty.HttpVersionRoutingHandler channelRead
INFO: Detected non-HTTP/2 connection.
 {"metadata":{"emulator":{"name":"firestore"},"message":"Sep 14, 2021 8:10:11 PM io.gapi.emulators.netty.HttpVersionRoutingHandler channelRead\nINFO: Detected non-HTTP/2 connection.\n"}}
[debug] [2021-09-14T11:10:13.921Z] Sep 14, 2021 8:10:13 PM io.gapi.emulators.netty.HttpVersionRoutingHandler channelRead
INFO: Detected non-HTTP/2 connection.
 {"metadata":{"emulator":{"name":"firestore"},"message":"Sep 14, 2021 8:10:13 PM io.gapi.emulators.netty.HttpVersionRoutingHandler channelRead\nINFO: Detected non-HTTP/2 connection.\n"}}
[debug] [2021-09-14T11:10:16.477Z] Sep 14, 2021 8:10:16 PM io.gapi.emulators.netty.HttpVersionRoutingHandler channelRead
INFO: Detected non-HTTP/2 connection.
 {"metadata":{"emulator":{"name":"firestore"},"message":"Sep 14, 2021 8:10:16 PM io.gapi.emulators.netty.HttpVersionRoutingHandler channelRead\nINFO: Detected non-HTTP/2 connection.\n"}}
[debug] [2021-09-14T11:10:18.986Z] Sep 14, 2021 8:10:18 PM io.gapi.emulators.netty.HttpVersionRoutingHandler channelRead
INFO: Detected non-HTTP/2 connection.
 {"metadata":{"emulator":{"name":"firestore"},"message":"Sep 14, 2021 8:10:18 PM io.gapi.emulators.netty.HttpVersionRoutingHandler channelRead\nINFO: Detected non-HTTP/2 connection.\n"}}
[debug] [2021-09-14T11:10:19.578Z] Sep 14, 2021 8:10:19 PM io.gapi.emulators.netty.HttpVersionRoutingHandler channelRead
INFO: Detected non-HTTP/2 connection.
 {"metadata":{"emulator":{"name":"firestore"},"message":"Sep 14, 2021 8:10:19 PM io.gapi.emulators.netty.HttpVersionRoutingHandler channelRead\nINFO: Detected non-HTTP/2 connection.\n"}}
[debug] [2021-09-14T11:10:21.420Z] Sep 14, 2021 8:10:21 PM io.gapi.emulators.netty.HttpVersionRoutingHandler channelRead
INFO: Detected non-HTTP/2 connection.
 {"metadata":{"emulator":{"name":"firestore"},"message":"Sep 14, 2021 8:10:21 PM io.gapi.emulators.netty.HttpVersionRoutingHandler channelRead\nINFO: Detected non-HTTP/2 connection.\n"}}
[debug] [2021-09-14T11:10:24.089Z] Sep 14, 2021 8:10:24 PM io.gapi.emulators.netty.HttpVersionRoutingHandler channelRead
INFO: Detected non-HTTP/2 connection.
 {"metadata":{"emulator":{"name":"firestore"},"message":"Sep 14, 2021 8:10:24 PM io.gapi.emulators.netty.HttpVersionRoutingHandler channelRead\nINFO: Detected non-HTTP/2 connection.\n"}}
[debug] [2021-09-14T11:10:26.583Z] Sep 14, 2021 8:10:26 PM io.gapi.emulators.netty.HttpVersionRoutingHandler channelRead
INFO: Detected non-HTTP/2 connection.
 {"metadata":{"emulator":{"name":"firestore"},"message":"Sep 14, 2021 8:10:26 PM io.gapi.emulators.netty.HttpVersionRoutingHandler channelRead\nINFO: Detected non-HTTP/2 connection.\n"}}
[debug] [2021-09-14T11:10:29.090Z] Sep 14, 2021 8:10:29 PM io.gapi.emulators.netty.HttpVersionRoutingHandler channelRead
INFO: Detected non-HTTP/2 connection.
 {"metadata":{"emulator":{"name":"firestore"},"message":"Sep 14, 2021 8:10:29 PM io.gapi.emulators.netty.HttpVersionRoutingHandler channelRead\nINFO: Detected non-HTTP/2 connection.\n"}}
[debug] [2021-09-14T11:10:31.676Z] Sep 14, 2021 8:10:31 PM io.gapi.emulators.netty.HttpVersionRoutingHandler channelRead
INFO: Detected non-HTTP/2 connection.
 {"metadata":{"emulator":{"name":"firestore"},"message":"Sep 14, 2021 8:10:31 PM io.gapi.emulators.netty.HttpVersionRoutingHandler channelRead\nINFO: Detected non-HTTP/2 connection.\n"}}
[debug] [2021-09-14T11:10:34.382Z] Sep 14, 2021 8:10:34 PM io.gapi.emulators.netty.HttpVersionRoutingHandler channelRead
INFO: Detected non-HTTP/2 connection.
 {"metadata":{"emulator":{"name":"firestore"},"message":"Sep 14, 2021 8:10:34 PM io.gapi.emulators.netty.HttpVersionRoutingHandler channelRead\nINFO: Detected non-HTTP/2 connection.\n"}}
[debug] [2021-09-14T11:10:36.501Z] Sep 14, 2021 8:10:36 PM io.gapi.emulators.netty.HttpVersionRoutingHandler channelRead
INFO: Detected non-HTTP/2 connection.
 {"metadata":{"emulator":{"name":"firestore"},"message":"Sep 14, 2021 8:10:36 PM io.gapi.emulators.netty.HttpVersionRoutingHandler channelRead\nINFO: Detected non-HTTP/2 connection.\n"}}
[debug] [2021-09-14T11:10:36.510Z] Sep 14, 2021 8:10:36 PM io.gapi.emulators.netty.HttpVersionRoutingHandler channelRead
INFO: Detected non-HTTP/2 connection.
 {"metadata":{"emulator":{"name":"firestore"},"message":"Sep 14, 2021 8:10:36 PM io.gapi.emulators.netty.HttpVersionRoutingHandler channelRead\nINFO: Detected non-HTTP/2 connection.\n"}}
[debug] [2021-09-14T11:10:37.122Z] Sep 14, 2021 8:10:37 PM io.gapi.emulators.netty.HttpVersionRoutingHandler channelRead
INFO: Detected non-HTTP/2 connection.
 {"metadata":{"emulator":{"name":"firestore"},"message":"Sep 14, 2021 8:10:37 PM io.gapi.emulators.netty.HttpVersionRoutingHandler channelRead\nINFO: Detected non-HTTP/2 connection.\n"}}
[debug] [2021-09-14T11:11:19.609Z] Sep 14, 2021 8:11:19 PM io.gapi.emulators.netty.HttpVersionRoutingHandler channelRead
INFO: Detected non-HTTP/2 connection.
 {"metadata":{"emulator":{"name":"firestore"},"message":"Sep 14, 2021 8:11:19 PM io.gapi.emulators.netty.HttpVersionRoutingHandler channelRead\nINFO: Detected non-HTTP/2 connection.\n"}}
[debug] [2021-09-14T11:12:19.635Z] Sep 14, 2021 8:12:19 PM io.gapi.emulators.netty.HttpVersionRoutingHandler channelRead
INFO: Detected non-HTTP/2 connection.
 {"metadata":{"emulator":{"name":"firestore"},"message":"Sep 14, 2021 8:12:19 PM io.gapi.emulators.netty.HttpVersionRoutingHandler channelRead\nINFO: Detected non-HTTP/2 connection.\n"}}
[debug] [2021-09-14T11:13:19.655Z] Sep 14, 2021 8:13:19 PM io.gapi.emulators.netty.HttpVersionRoutingHandler channelRead
INFO: Detected non-HTTP/2 connection.
 {"metadata":{"emulator":{"name":"firestore"},"message":"Sep 14, 2021 8:13:19 PM io.gapi.emulators.netty.HttpVersionRoutingHandler channelRead\nINFO: Detected non-HTTP/2 connection.\n"}}
[debug] [2021-09-14T11:14:19.672Z] Sep 14, 2021 8:14:19 PM io.gapi.emulators.netty.HttpVersionRoutingHandler channelRead
INFO: Detected non-HTTP/2 connection.
 {"metadata":{"emulator":{"name":"firestore"},"message":"Sep 14, 2021 8:14:19 PM io.gapi.emulators.netty.HttpVersionRoutingHandler channelRead\nINFO: Detected non-HTTP/2 connection.\n"}}
[debug] [2021-09-14T11:15:19.691Z] Sep 14, 2021 8:15:19 PM io.gapi.emulators.netty.HttpVersionRoutingHandler channelRead
INFO: Detected non-HTTP/2 connection.
 {"metadata":{"emulator":{"name":"firestore"},"message":"Sep 14, 2021 8:15:19 PM io.gapi.emulators.netty.HttpVersionRoutingHandler channelRead\nINFO: Detected non-HTTP/2 connection.\n"}}
[debug] [2021-09-14T11:16:04.767Z] Sep 14, 2021 8:16:04 PM io.gapi.emulators.netty.HttpVersionRoutingHandler channelRead
INFO: Detected non-HTTP/2 connection.
 {"metadata":{"emulator":{"name":"firestore"},"message":"Sep 14, 2021 8:16:04 PM io.gapi.emulators.netty.HttpVersionRoutingHandler channelRead\nINFO: Detected non-HTTP/2 connection.\n"}}
[debug] [2021-09-14T11:17:04.785Z] Sep 14, 2021 8:17:04 PM io.gapi.emulators.netty.HttpVersionRoutingHandler channelRead
INFO: Detected non-HTTP/2 connection.
 {"metadata":{"emulator":{"name":"firestore"},"message":"Sep 14, 2021 8:17:04 PM io.gapi.emulators.netty.HttpVersionRoutingHandler channelRead\nINFO: Detected non-HTTP/2 connection.\n"}}
[debug] [2021-09-14T11:18:04.798Z] Sep 14, 2021 8:18:04 PM io.gapi.emulators.netty.HttpVersionRoutingHandler channelRead
INFO: Detected non-HTTP/2 connection.
 {"metadata":{"emulator":{"name":"firestore"},"message":"Sep 14, 2021 8:18:04 PM io.gapi.emulators.netty.HttpVersionRoutingHandler channelRead\nINFO: Detected non-HTTP/2 connection.\n"}}
[debug] [2021-09-14T11:18:50.756Z] Sep 14, 2021 8:18:50 PM io.gapi.emulators.netty.HttpVersionRoutingHandler channelRead
INFO: Detected non-HTTP/2 connection.
 {"metadata":{"emulator":{"name":"firestore"},"message":"Sep 14, 2021 8:18:50 PM io.gapi.emulators.netty.HttpVersionRoutingHandler channelRead\nINFO: Detected non-HTTP/2 connection.\n"}}
[debug] [2021-09-14T11:19:50.780Z] Sep 14, 2021 8:19:50 PM io.gapi.emulators.netty.HttpVersionRoutingHandler channelRead
INFO: Detected non-HTTP/2 connection.
 {"metadata":{"emulator":{"name":"firestore"},"message":"Sep 14, 2021 8:19:50 PM io.gapi.emulators.netty.HttpVersionRoutingHandler channelRead\nINFO: Detected non-HTTP/2 connection.\n"}}
[debug] [2021-09-14T11:20:50.796Z] Sep 14, 2021 8:20:50 PM io.gapi.emulators.netty.HttpVersionRoutingHandler channelRead
INFO: Detected non-HTTP/2 connection.
 {"metadata":{"emulator":{"name":"firestore"},"message":"Sep 14, 2021 8:20:50 PM io.gapi.emulators.netty.HttpVersionRoutingHandler channelRead\nINFO: Detected non-HTTP/2 connection.\n"}}
[debug] [2021-09-14T11:21:50.807Z] Sep 14, 2021 8:21:50 PM io.gapi.emulators.netty.HttpVersionRoutingHandler channelRead
INFO: Detected non-HTTP/2 connection.
 {"metadata":{"emulator":{"name":"firestore"},"message":"Sep 14, 2021 8:21:50 PM io.gapi.emulators.netty.HttpVersionRoutingHandler channelRead\nINFO: Detected non-HTTP/2 connection.\n"}}
[debug] [2021-09-14T11:22:50.825Z] Sep 14, 2021 8:22:50 PM io.gapi.emulators.netty.HttpVersionRoutingHandler channelRead
INFO: Detected non-HTTP/2 connection.
 {"metadata":{"emulator":{"name":"firestore"},"message":"Sep 14, 2021 8:22:50 PM io.gapi.emulators.netty.HttpVersionRoutingHandler channelRead\nINFO: Detected non-HTTP/2 connection.\n"}}
[debug] [2021-09-14T11:23:04.400Z] File /Users/jjh/Documents/ReactNative/chatApp_/functions/index.js changed, reloading triggers {"metadata":{"emulator":{"name":"functions"},"message":"File /Users/jjh/Documents/ReactNative/chatApp_/functions/index.js changed, reloading triggers"}}
